<?xml version="1.0" encoding="UTF-8"?>
<testng-results skipped="0" failed="0" ignored="0" total="1" passed="1">
  <reporter-output>
  </reporter-output>
  <suite name="Default suite" duration-ms="10788" started-at="2021-07-23T14:39:07 IST" finished-at="2021-07-23T14:39:18 IST">
    <groups>
    </groups>
    <test name="Default test" duration-ms="10788" started-at="2021-07-23T14:39:07 IST" finished-at="2021-07-23T14:39:18 IST">
      <class name="dummy.googleSearch">
        <test-method status="PASS" signature="gsearch()[pri:0, instance:dummy.googleSearch@5a8806ef]" name="gsearch" duration-ms="10741" started-at="2021-07-23T14:39:08 IST" finished-at="2021-07-23T14:39:18 IST">
          <reporter-output>
          </reporter-output>
        </test-method> <!-- gsearch -->
      </class> <!-- dummy.googleSearch -->
    </test> <!-- Default test -->
  </suite> <!-- Default suite -->
</testng-results>
